c:\users\temnov\desktop\new folder\vaccinationoperation\x64\debug\vc142.pdb
c:\users\temnov\desktop\new folder\vaccinationoperation\x64\debug\vc142.idb
c:\users\temnov\desktop\part2\vaccinationoperation\x64\debug\vc142.pdb
c:\users\temnov\desktop\part2\vaccinationoperation\x64\debug\vc142.idb
c:\users\temnov\desktop\part2\vaccinationoperation\x64\debug\vaccineeworker.obj
c:\users\temnov\desktop\part2\vaccinationoperation\x64\debug\vaccinee.obj
c:\users\temnov\desktop\part2\vaccinationoperation\x64\debug\vaccinationoperation.obj
c:\users\temnov\desktop\part2\vaccinationoperation\x64\debug\privateclinic.obj
c:\users\temnov\desktop\part2\vaccinationoperation\x64\debug\person.obj
c:\users\temnov\desktop\part2\vaccinationoperation\x64\debug\medicalworker.obj
c:\users\temnov\desktop\part2\vaccinationoperation\x64\debug\main.obj
c:\users\temnov\desktop\part2\vaccinationoperation\x64\debug\date.obj
c:\users\temnov\desktop\part2\vaccinationoperation\x64\debug\clinic.obj
c:\users\temnov\desktop\part2\vaccinationoperation\x64\debug\appointment.obj
c:\users\temnov\desktop\part2\vaccinationoperation\x64\debug\address.obj
c:\users\temnov\desktop\part3\vaccinationoperation\x64\debug\vc142.pdb
c:\users\temnov\desktop\part3\vaccinationoperation\x64\debug\vc142.idb
c:\users\temnov\desktop\part3\vaccinationoperation\x64\debug\vaccineeworker.obj
c:\users\temnov\desktop\part3\vaccinationoperation\x64\debug\vaccinee.obj
c:\users\temnov\desktop\part3\vaccinationoperation\x64\debug\vaccinationoperation.obj
c:\users\temnov\desktop\part3\vaccinationoperation\x64\debug\privateclinic.obj
c:\users\temnov\desktop\part3\vaccinationoperation\x64\debug\person.obj
c:\users\temnov\desktop\part3\vaccinationoperation\x64\debug\medicalworker.obj
c:\users\temnov\desktop\part3\vaccinationoperation\x64\debug\main.obj
c:\users\temnov\desktop\part3\vaccinationoperation\x64\debug\date.obj
c:\users\temnov\desktop\part3\vaccinationoperation\x64\debug\clinic.obj
c:\users\temnov\desktop\part3\vaccinationoperation\x64\debug\appointment.obj
c:\users\temnov\desktop\part3\vaccinationoperation\x64\debug\address.obj
c:\users\temnov\desktop\part2\x64\debug\vaccinationoperation.exe
c:\users\temnov\desktop\part2\vaccinationoperation\x64\debug\vaccinationoperation.ilk
c:\users\temnov\desktop\part2\x64\debug\vaccinationoperation.pdb
c:\users\temnov\desktop\part3\x64\debug\vaccinationoperation.exe
c:\users\temnov\desktop\part3\vaccinationoperation\x64\debug\vaccinationoperation.ilk
c:\users\temnov\desktop\part3\x64\debug\vaccinationoperation.pdb
c:\users\temnov\desktop\part3\vaccinationoperation\x64\debug\clinic.obj.enc
c:\users\temnov\desktop\part3\vaccinationoperation\x64\debug\main.obj.enc
c:\users\temnov\desktop\part3\vaccinationoperation\x64\debug\medicalworker.obj.enc
c:\users\temnov\desktop\part3\vaccinationoperation\x64\debug\vaccinationoperation.obj.enc
c:\users\temnov\desktop\part3\vaccinationoperation\x64\debug\vaccinee.obj.enc
c:\users\temnov\desktop\part3\vaccinationoperation\x64\debug\vaccinat.2fbc5731.tlog\cl.command.1.tlog
c:\users\temnov\desktop\part3\vaccinationoperation\x64\debug\vaccinat.2fbc5731.tlog\cl.read.1.tlog
c:\users\temnov\desktop\part3\vaccinationoperation\x64\debug\vaccinat.2fbc5731.tlog\cl.write.1.tlog
c:\users\temnov\desktop\part3\vaccinationoperation\x64\debug\vaccinat.2fbc5731.tlog\link.command.1.tlog
c:\users\temnov\desktop\part3\vaccinationoperation\x64\debug\vaccinat.2fbc5731.tlog\link.read.1.tlog
c:\users\temnov\desktop\part3\vaccinationoperation\x64\debug\vaccinat.2fbc5731.tlog\link.write.1.tlog
