c:\users\elazar\source\repos\vaccinationoperation\vaccinationoperation\debug\vc142.pdb
c:\users\elazar\source\repos\vaccinationoperation\vaccinationoperation\debug\vc142.idb
c:\users\elazar\source\repos\vaccinationoperation\vaccinationoperation\debug\vaccineeworker.obj
c:\users\elazar\source\repos\vaccinationoperation\vaccinationoperation\debug\vaccinee.obj
c:\users\elazar\source\repos\vaccinationoperation\vaccinationoperation\debug\vaccinationoperation.obj
c:\users\elazar\source\repos\vaccinationoperation\vaccinationoperation\debug\privateclinic.obj
c:\users\elazar\source\repos\vaccinationoperation\vaccinationoperation\debug\person.obj
c:\users\elazar\source\repos\vaccinationoperation\vaccinationoperation\debug\medicalworker.obj
c:\users\elazar\source\repos\vaccinationoperation\vaccinationoperation\debug\main.obj
c:\users\elazar\source\repos\vaccinationoperation\vaccinationoperation\debug\date.obj
c:\users\elazar\source\repos\vaccinationoperation\vaccinationoperation\debug\clinic.obj
c:\users\elazar\source\repos\vaccinationoperation\vaccinationoperation\debug\appointment.obj
c:\users\elazar\source\repos\vaccinationoperation\vaccinationoperation\debug\address.obj
c:\users\elazar\source\repos\vaccinationoperation\debug\vaccinationoperation.pdb
c:\users\elazar\source\repos\vaccinationoperation\vaccinationoperation\debug\vaccinat.2fbc5731.tlog\cl.command.1.tlog
c:\users\elazar\source\repos\vaccinationoperation\vaccinationoperation\debug\vaccinat.2fbc5731.tlog\cl.read.1.tlog
c:\users\elazar\source\repos\vaccinationoperation\vaccinationoperation\debug\vaccinat.2fbc5731.tlog\cl.write.1.tlog
c:\users\elazar\source\repos\vaccinationoperation\vaccinationoperation\debug\vaccinat.2fbc5731.tlog\link-cvtres.read.1.tlog
c:\users\elazar\source\repos\vaccinationoperation\vaccinationoperation\debug\vaccinat.2fbc5731.tlog\link-cvtres.write.1.tlog
c:\users\elazar\source\repos\vaccinationoperation\vaccinationoperation\debug\vaccinat.2fbc5731.tlog\link-rc.read.1.tlog
c:\users\elazar\source\repos\vaccinationoperation\vaccinationoperation\debug\vaccinat.2fbc5731.tlog\link-rc.write.1.tlog
c:\users\elazar\source\repos\vaccinationoperation\vaccinationoperation\debug\vaccinat.2fbc5731.tlog\link.command.1.tlog
c:\users\elazar\source\repos\vaccinationoperation\vaccinationoperation\debug\vaccinat.2fbc5731.tlog\link.read.1.tlog
c:\users\elazar\source\repos\vaccinationoperation\vaccinationoperation\debug\vaccinat.2fbc5731.tlog\link.write.1.tlog
